2021-08-10 15:50:59,245 - INFO - allennlp.common.params - random_seed = 13370
2021-08-10 15:50:59,246 - INFO - allennlp.common.params - numpy_seed = 1337
2021-08-10 15:50:59,249 - INFO - allennlp.common.params - pytorch_seed = 133
2021-08-10 15:50:59,297 - INFO - allennlp.common.checks - Pytorch version: 1.8.1+cpu
2021-08-10 15:50:59,297 - INFO - allennlp.common.params - type = default
2021-08-10 15:50:59,297 - INFO - allennlp.common.params - dataset_reader.type = bert_2_input_reader
2021-08-10 15:50:59,298 - INFO - allennlp.common.params - dataset_reader.max_instances = None
2021-08-10 15:50:59,298 - INFO - allennlp.common.params - dataset_reader.manual_distributed_sharding = False
2021-08-10 15:50:59,298 - INFO - allennlp.common.params - dataset_reader.manual_multiprocess_sharding = False
2021-08-10 15:50:59,299 - INFO - allennlp.common.params - dataset_reader.tokenizer.type = pretrained_transformer
2021-08-10 15:50:59,299 - INFO - allennlp.common.params - dataset_reader.tokenizer.model_name = /home/featurize/data/bert_pretrain/
2021-08-10 15:50:59,299 - INFO - allennlp.common.params - dataset_reader.tokenizer.add_special_tokens = True
2021-08-10 15:50:59,299 - INFO - allennlp.common.params - dataset_reader.tokenizer.max_length = None
2021-08-10 15:50:59,300 - INFO - allennlp.common.params - dataset_reader.tokenizer.tokenizer_kwargs = None
2021-08-10 15:50:59,701 - INFO - allennlp.common.params - dataset_reader.token_indexers.robert.type = pretrained_transformer
2021-08-10 15:50:59,702 - INFO - allennlp.common.params - dataset_reader.token_indexers.robert.token_min_padding_length = 0
2021-08-10 15:50:59,702 - INFO - allennlp.common.params - dataset_reader.token_indexers.robert.model_name = /home/featurize/data/bert_pretrain/
2021-08-10 15:50:59,702 - INFO - allennlp.common.params - dataset_reader.token_indexers.robert.namespace = tags
2021-08-10 15:50:59,702 - INFO - allennlp.common.params - dataset_reader.token_indexers.robert.max_length = None
2021-08-10 15:50:59,702 - INFO - allennlp.common.params - dataset_reader.token_indexers.robert.tokenizer_kwargs = None
2021-08-10 15:50:59,703 - INFO - allennlp.common.params - dataset_reader.max_tokens = 512
2021-08-10 15:50:59,703 - INFO - allennlp.common.params - train_data_path = data/paper_classification/train_small.csv
2021-08-10 15:50:59,704 - INFO - allennlp.common.params - datasets_for_vocab_creation = None
2021-08-10 15:50:59,704 - INFO - allennlp.common.params - validation_dataset_reader = None
2021-08-10 15:50:59,704 - INFO - allennlp.common.params - validation_data_path = None
2021-08-10 15:50:59,704 - INFO - allennlp.common.params - validation_data_loader = None
2021-08-10 15:50:59,704 - INFO - allennlp.common.params - test_data_path = None
2021-08-10 15:50:59,704 - INFO - allennlp.common.params - evaluate_on_test = False
2021-08-10 15:50:59,705 - INFO - allennlp.common.params - batch_weight_key = 
2021-08-10 15:50:59,705 - INFO - allennlp.common.params - data_loader.type = multiprocess
2021-08-10 15:50:59,705 - INFO - allennlp.common.params - data_loader.batch_size = 2
2021-08-10 15:50:59,705 - INFO - allennlp.common.params - data_loader.drop_last = False
2021-08-10 15:50:59,706 - INFO - allennlp.common.params - data_loader.shuffle = True
2021-08-10 15:50:59,706 - INFO - allennlp.common.params - data_loader.batch_sampler = None
2021-08-10 15:50:59,706 - INFO - allennlp.common.params - data_loader.batches_per_epoch = None
2021-08-10 15:50:59,706 - INFO - allennlp.common.params - data_loader.num_workers = 0
2021-08-10 15:50:59,706 - INFO - allennlp.common.params - data_loader.max_instances_in_memory = 40
2021-08-10 15:50:59,706 - INFO - allennlp.common.params - data_loader.start_method = fork
2021-08-10 15:50:59,707 - INFO - allennlp.common.params - data_loader.cuda_device = 0
2021-08-10 15:50:59,707 - INFO - allennlp.common.params - data_loader.quiet = False
2021-08-10 15:50:59,707 - INFO - allennlp.common.params - vocabulary.type = from_files
2021-08-10 15:50:59,707 - INFO - allennlp.common.params - vocabulary.directory = /home/featurize/data/vocab.tar.gz
2021-08-10 15:50:59,707 - INFO - allennlp.common.params - vocabulary.padding_token = @@PADDING@@
2021-08-10 15:50:59,708 - INFO - allennlp.common.params - vocabulary.oov_token = @@UNKNOWN@@
2021-08-10 15:50:59,708 - INFO - allennlp.data.vocabulary - Loading token dictionary from /home/featurize/data/vocab.tar.gz.
2021-08-10 15:50:59,729 - INFO - allennlp.common.params - model.type = simple_classifier
2021-08-10 15:50:59,729 - INFO - allennlp.common.params - model.embedder.type = basic
2021-08-10 15:50:59,730 - INFO - allennlp.common.params - model.embedder.token_embedders.robert.type = pretrained_transformer
2021-08-10 15:50:59,730 - INFO - allennlp.common.params - model.embedder.token_embedders.robert.model_name = /home/featurize/data/robert_pretrain/
2021-08-10 15:50:59,730 - INFO - allennlp.common.params - model.embedder.token_embedders.robert.max_length = None
2021-08-10 15:50:59,730 - INFO - allennlp.common.params - model.embedder.token_embedders.robert.sub_module = None
2021-08-10 15:50:59,730 - INFO - allennlp.common.params - model.embedder.token_embedders.robert.train_parameters = True
2021-08-10 15:50:59,731 - INFO - allennlp.common.params - model.embedder.token_embedders.robert.eval_mode = False
2021-08-10 15:50:59,731 - INFO - allennlp.common.params - model.embedder.token_embedders.robert.last_layer_only = True
2021-08-10 15:50:59,731 - INFO - allennlp.common.params - model.embedder.token_embedders.robert.override_weights_file = None
2021-08-10 15:50:59,731 - INFO - allennlp.common.params - model.embedder.token_embedders.robert.override_weights_strip_prefix = None
2021-08-10 15:50:59,731 - INFO - allennlp.common.params - model.embedder.token_embedders.robert.gradient_checkpointing = None
2021-08-10 15:50:59,731 - INFO - allennlp.common.params - model.embedder.token_embedders.robert.tokenizer_kwargs = None
2021-08-10 15:50:59,731 - INFO - allennlp.common.params - model.embedder.token_embedders.robert.transformer_kwargs = None
2021-08-10 15:51:19,613 - INFO - allennlp.common.params - model.encoder.type = bert_pooler
2021-08-10 15:51:19,623 - INFO - allennlp.common.params - model.encoder.pretrained_model = /home/featurize/data/robert_pretrain/
2021-08-10 15:51:19,623 - INFO - allennlp.common.params - model.encoder.override_weights_file = None
2021-08-10 15:51:19,623 - INFO - allennlp.common.params - model.encoder.override_weights_strip_prefix = None
2021-08-10 15:51:19,623 - INFO - allennlp.common.params - model.encoder.requires_grad = True
2021-08-10 15:51:19,623 - INFO - allennlp.common.params - model.encoder.dropout = 0.1
2021-08-10 15:51:19,624 - INFO - allennlp.common.params - model.encoder.transformer_kwargs = None
2021-08-10 15:51:19,790 - INFO - allennlp.common.params - trainer.type = gradient_descent
2021-08-10 15:51:19,791 - INFO - allennlp.common.params - trainer.patience = None
2021-08-10 15:51:19,791 - INFO - allennlp.common.params - trainer.validation_metric = +accuracy
2021-08-10 15:51:19,791 - INFO - allennlp.common.params - trainer.num_epochs = 1
2021-08-10 15:51:19,791 - INFO - allennlp.common.params - trainer.cuda_device = None
2021-08-10 15:51:19,791 - INFO - allennlp.common.params - trainer.grad_norm = None
2021-08-10 15:51:19,792 - INFO - allennlp.common.params - trainer.grad_clipping = None
2021-08-10 15:51:19,792 - INFO - allennlp.common.params - trainer.distributed = False
2021-08-10 15:51:19,792 - INFO - allennlp.common.params - trainer.world_size = 1
2021-08-10 15:51:19,792 - INFO - allennlp.common.params - trainer.num_gradient_accumulation_steps = 1
2021-08-10 15:51:19,792 - INFO - allennlp.common.params - trainer.use_amp = False
2021-08-10 15:51:19,793 - INFO - allennlp.common.params - trainer.no_grad = None
2021-08-10 15:51:19,793 - INFO - allennlp.common.params - trainer.momentum_scheduler = None
2021-08-10 15:51:19,793 - INFO - allennlp.common.params - trainer.moving_average = None
2021-08-10 15:51:19,794 - INFO - allennlp.common.params - trainer.callbacks = None
2021-08-10 15:51:19,794 - INFO - allennlp.common.params - trainer.enable_default_callbacks = True
2021-08-10 15:51:19,794 - INFO - allennlp.common.params - trainer.run_sanity_checks = True
2021-08-10 15:51:19,796 - INFO - allennlp.common.params - trainer.optimizer.type = huggingface_adamw
2021-08-10 15:51:19,797 - INFO - allennlp.common.params - trainer.optimizer.parameter_groups = None
2021-08-10 15:51:19,797 - INFO - allennlp.common.params - trainer.optimizer.lr = 1e-05
2021-08-10 15:51:19,797 - INFO - allennlp.common.params - trainer.optimizer.betas = (0.9, 0.999)
2021-08-10 15:51:19,797 - INFO - allennlp.common.params - trainer.optimizer.eps = 1e-08
2021-08-10 15:51:19,797 - INFO - allennlp.common.params - trainer.optimizer.weight_decay = 0.1
2021-08-10 15:51:19,797 - INFO - allennlp.common.params - trainer.optimizer.correct_bias = True
2021-08-10 15:51:19,802 - INFO - allennlp.training.optimizers - Number of trainable parameters: 356449319
2021-08-10 15:51:19,803 - INFO - allennlp.common.util - The following parameters are Frozen (without gradient):
2021-08-10 15:51:19,805 - INFO - allennlp.common.util - The following parameters are Tunable (with gradient):
2021-08-10 15:51:19,805 - INFO - allennlp.common.util - embedder.token_embedder_robert.transformer_model.embeddings.word_embeddings.weight
2021-08-10 15:51:19,805 - INFO - allennlp.common.util - embedder.token_embedder_robert.transformer_model.embeddings.position_embeddings.weight
2021-08-10 15:51:19,805 - INFO - allennlp.common.util - embedder.token_embedder_robert.transformer_model.embeddings.token_type_embeddings.weight
2021-08-10 15:51:19,806 - INFO - allennlp.common.util - embedder.token_embedder_robert.transformer_model.embeddings.LayerNorm.weight
2021-08-10 15:51:19,806 - INFO - allennlp.common.util - embedder.token_embedder_robert.transformer_model.embeddings.LayerNorm.bias
2021-08-10 15:51:19,806 - INFO - allennlp.common.util - embedder.token_embedder_robert.transformer_model.encoder.layer.0.attention.self.query.weight
2021-08-10 15:51:19,806 - INFO - allennlp.common.util - embedder.token_embedder_robert.transformer_model.encoder.layer.0.attention.self.query.bias
2021-08-10 15:51:19,806 - INFO - allennlp.common.util - embedder.token_embedder_robert.transformer_model.encoder.layer.0.attention.self.key.weight
2021-08-10 15:51:19,806 - INFO - allennlp.common.util - embedder.token_embedder_robert.transformer_model.encoder.layer.0.attention.self.key.bias
2021-08-10 15:51:19,806 - INFO - allennlp.common.util - embedder.token_embedder_robert.transformer_model.encoder.layer.0.attention.self.value.weight
2021-08-10 15:51:19,807 - INFO - allennlp.common.util - embedder.token_embedder_robert.transformer_model.encoder.layer.0.attention.self.value.bias
2021-08-10 15:51:19,807 - INFO - allennlp.common.util - embedder.token_embedder_robert.transformer_model.encoder.layer.0.attention.output.dense.weight
2021-08-10 15:51:19,807 - INFO - allennlp.common.util - embedder.token_embedder_robert.transformer_model.encoder.layer.0.attention.output.dense.bias
2021-08-10 15:51:19,807 - INFO - allennlp.common.util - embedder.token_embedder_robert.transformer_model.encoder.layer.0.attention.output.LayerNorm.weight
2021-08-10 15:51:19,807 - INFO - allennlp.common.util - embedder.token_embedder_robert.transformer_model.encoder.layer.0.attention.output.LayerNorm.bias
2021-08-10 15:51:19,807 - INFO - allennlp.common.util - embedder.token_embedder_robert.transformer_model.encoder.layer.0.intermediate.dense.weight
2021-08-10 15:51:19,807 - INFO - allennlp.common.util - embedder.token_embedder_robert.transformer_model.encoder.layer.0.intermediate.dense.bias
2021-08-10 15:51:19,807 - INFO - allennlp.common.util - embedder.token_embedder_robert.transformer_model.encoder.layer.0.output.dense.weight
2021-08-10 15:51:19,808 - INFO - allennlp.common.util - embedder.token_embedder_robert.transformer_model.encoder.layer.0.output.dense.bias
2021-08-10 15:51:19,808 - INFO - allennlp.common.util - embedder.token_embedder_robert.transformer_model.encoder.layer.0.output.LayerNorm.weight
2021-08-10 15:51:19,808 - INFO - allennlp.common.util - embedder.token_embedder_robert.transformer_model.encoder.layer.0.output.LayerNorm.bias
2021-08-10 15:51:19,808 - INFO - allennlp.common.util - embedder.token_embedder_robert.transformer_model.encoder.layer.1.attention.self.query.weight
2021-08-10 15:51:19,808 - INFO - allennlp.common.util - embedder.token_embedder_robert.transformer_model.encoder.layer.1.attention.self.query.bias
2021-08-10 15:51:19,808 - INFO - allennlp.common.util - embedder.token_embedder_robert.transformer_model.encoder.layer.1.attention.self.key.weight
2021-08-10 15:51:19,808 - INFO - allennlp.common.util - embedder.token_embedder_robert.transformer_model.encoder.layer.1.attention.self.key.bias
2021-08-10 15:51:19,808 - INFO - allennlp.common.util - embedder.token_embedder_robert.transformer_model.encoder.layer.1.attention.self.value.weight
2021-08-10 15:51:19,809 - INFO - allennlp.common.util - embedder.token_embedder_robert.transformer_model.encoder.layer.1.attention.self.value.bias
2021-08-10 15:51:19,809 - INFO - allennlp.common.util - embedder.token_embedder_robert.transformer_model.encoder.layer.1.attention.output.dense.weight
2021-08-10 15:51:19,809 - INFO - allennlp.common.util - embedder.token_embedder_robert.transformer_model.encoder.layer.1.attention.output.dense.bias
2021-08-10 15:51:19,809 - INFO - allennlp.common.util - embedder.token_embedder_robert.transformer_model.encoder.layer.1.attention.output.LayerNorm.weight
2021-08-10 15:51:19,809 - INFO - allennlp.common.util - embedder.token_embedder_robert.transformer_model.encoder.layer.1.attention.output.LayerNorm.bias
2021-08-10 15:51:19,809 - INFO - allennlp.common.util - embedder.token_embedder_robert.transformer_model.encoder.layer.1.intermediate.dense.weight
2021-08-10 15:51:19,809 - INFO - allennlp.common.util - embedder.token_embedder_robert.transformer_model.encoder.layer.1.intermediate.dense.bias
2021-08-10 15:51:19,809 - INFO - allennlp.common.util - embedder.token_embedder_robert.transformer_model.encoder.layer.1.output.dense.weight
2021-08-10 15:51:19,810 - INFO - allennlp.common.util - embedder.token_embedder_robert.transformer_model.encoder.layer.1.output.dense.bias
2021-08-10 15:51:19,810 - INFO - allennlp.common.util - embedder.token_embedder_robert.transformer_model.encoder.layer.1.output.LayerNorm.weight
2021-08-10 15:51:19,810 - INFO - allennlp.common.util - embedder.token_embedder_robert.transformer_model.encoder.layer.1.output.LayerNorm.bias
2021-08-10 15:51:19,810 - INFO - allennlp.common.util - embedder.token_embedder_robert.transformer_model.encoder.layer.2.attention.self.query.weight
2021-08-10 15:51:19,810 - INFO - allennlp.common.util - embedder.token_embedder_robert.transformer_model.encoder.layer.2.attention.self.query.bias
2021-08-10 15:51:19,810 - INFO - allennlp.common.util - embedder.token_embedder_robert.transformer_model.encoder.layer.2.attention.self.key.weight
2021-08-10 15:51:19,810 - INFO - allennlp.common.util - embedder.token_embedder_robert.transformer_model.encoder.layer.2.attention.self.key.bias
2021-08-10 15:51:19,810 - INFO - allennlp.common.util - embedder.token_embedder_robert.transformer_model.encoder.layer.2.attention.self.value.weight
2021-08-10 15:51:19,811 - INFO - allennlp.common.util - embedder.token_embedder_robert.transformer_model.encoder.layer.2.attention.self.value.bias
2021-08-10 15:51:19,811 - INFO - allennlp.common.util - embedder.token_embedder_robert.transformer_model.encoder.layer.2.attention.output.dense.weight
2021-08-10 15:51:19,811 - INFO - allennlp.common.util - embedder.token_embedder_robert.transformer_model.encoder.layer.2.attention.output.dense.bias
2021-08-10 15:51:19,811 - INFO - allennlp.common.util - embedder.token_embedder_robert.transformer_model.encoder.layer.2.attention.output.LayerNorm.weight
2021-08-10 15:51:19,811 - INFO - allennlp.common.util - embedder.token_embedder_robert.transformer_model.encoder.layer.2.attention.output.LayerNorm.bias
2021-08-10 15:51:19,811 - INFO - allennlp.common.util - embedder.token_embedder_robert.transformer_model.encoder.layer.2.intermediate.dense.weight
2021-08-10 15:51:19,811 - INFO - allennlp.common.util - embedder.token_embedder_robert.transformer_model.encoder.layer.2.intermediate.dense.bias
2021-08-10 15:51:19,811 - INFO - allennlp.common.util - embedder.token_embedder_robert.transformer_model.encoder.layer.2.output.dense.weight
2021-08-10 15:51:19,812 - INFO - allennlp.common.util - embedder.token_embedder_robert.transformer_model.encoder.layer.2.output.dense.bias
2021-08-10 15:51:19,812 - INFO - allennlp.common.util - embedder.token_embedder_robert.transformer_model.encoder.layer.2.output.LayerNorm.weight
2021-08-10 15:51:19,812 - INFO - allennlp.common.util - embedder.token_embedder_robert.transformer_model.encoder.layer.2.output.LayerNorm.bias
2021-08-10 15:51:19,812 - INFO - allennlp.common.util - embedder.token_embedder_robert.transformer_model.encoder.layer.3.attention.self.query.weight
2021-08-10 15:51:19,812 - INFO - allennlp.common.util - embedder.token_embedder_robert.transformer_model.encoder.layer.3.attention.self.query.bias
2021-08-10 15:51:19,812 - INFO - allennlp.common.util - embedder.token_embedder_robert.transformer_model.encoder.layer.3.attention.self.key.weight
2021-08-10 15:51:19,812 - INFO - allennlp.common.util - embedder.token_embedder_robert.transformer_model.encoder.layer.3.attention.self.key.bias
2021-08-10 15:51:19,812 - INFO - allennlp.common.util - embedder.token_embedder_robert.transformer_model.encoder.layer.3.attention.self.value.weight
2021-08-10 15:51:19,812 - INFO - allennlp.common.util - embedder.token_embedder_robert.transformer_model.encoder.layer.3.attention.self.value.bias
2021-08-10 15:51:19,813 - INFO - allennlp.common.util - embedder.token_embedder_robert.transformer_model.encoder.layer.3.attention.output.dense.weight
2021-08-10 15:51:19,813 - INFO - allennlp.common.util - embedder.token_embedder_robert.transformer_model.encoder.layer.3.attention.output.dense.bias
2021-08-10 15:51:19,813 - INFO - allennlp.common.util - embedder.token_embedder_robert.transformer_model.encoder.layer.3.attention.output.LayerNorm.weight
2021-08-10 15:51:19,813 - INFO - allennlp.common.util - embedder.token_embedder_robert.transformer_model.encoder.layer.3.attention.output.LayerNorm.bias
2021-08-10 15:51:19,813 - INFO - allennlp.common.util - embedder.token_embedder_robert.transformer_model.encoder.layer.3.intermediate.dense.weight
2021-08-10 15:51:19,813 - INFO - allennlp.common.util - embedder.token_embedder_robert.transformer_model.encoder.layer.3.intermediate.dense.bias
2021-08-10 15:51:19,813 - INFO - allennlp.common.util - embedder.token_embedder_robert.transformer_model.encoder.layer.3.output.dense.weight
2021-08-10 15:51:19,813 - INFO - allennlp.common.util - embedder.token_embedder_robert.transformer_model.encoder.layer.3.output.dense.bias
2021-08-10 15:51:19,814 - INFO - allennlp.common.util - embedder.token_embedder_robert.transformer_model.encoder.layer.3.output.LayerNorm.weight
2021-08-10 15:51:19,814 - INFO - allennlp.common.util - embedder.token_embedder_robert.transformer_model.encoder.layer.3.output.LayerNorm.bias
2021-08-10 15:51:19,814 - INFO - allennlp.common.util - embedder.token_embedder_robert.transformer_model.encoder.layer.4.attention.self.query.weight
2021-08-10 15:51:19,814 - INFO - allennlp.common.util - embedder.token_embedder_robert.transformer_model.encoder.layer.4.attention.self.query.bias
2021-08-10 15:51:19,814 - INFO - allennlp.common.util - embedder.token_embedder_robert.transformer_model.encoder.layer.4.attention.self.key.weight
2021-08-10 15:51:19,814 - INFO - allennlp.common.util - embedder.token_embedder_robert.transformer_model.encoder.layer.4.attention.self.key.bias
2021-08-10 15:51:19,814 - INFO - allennlp.common.util - embedder.token_embedder_robert.transformer_model.encoder.layer.4.attention.self.value.weight
2021-08-10 15:51:19,815 - INFO - allennlp.common.util - embedder.token_embedder_robert.transformer_model.encoder.layer.4.attention.self.value.bias
2021-08-10 15:51:19,815 - INFO - allennlp.common.util - embedder.token_embedder_robert.transformer_model.encoder.layer.4.attention.output.dense.weight
2021-08-10 15:51:19,815 - INFO - allennlp.common.util - embedder.token_embedder_robert.transformer_model.encoder.layer.4.attention.output.dense.bias
2021-08-10 15:51:19,815 - INFO - allennlp.common.util - embedder.token_embedder_robert.transformer_model.encoder.layer.4.attention.output.LayerNorm.weight
2021-08-10 15:51:19,815 - INFO - allennlp.common.util - embedder.token_embedder_robert.transformer_model.encoder.layer.4.attention.output.LayerNorm.bias
2021-08-10 15:51:19,815 - INFO - allennlp.common.util - embedder.token_embedder_robert.transformer_model.encoder.layer.4.intermediate.dense.weight
2021-08-10 15:51:19,815 - INFO - allennlp.common.util - embedder.token_embedder_robert.transformer_model.encoder.layer.4.intermediate.dense.bias
2021-08-10 15:51:19,815 - INFO - allennlp.common.util - embedder.token_embedder_robert.transformer_model.encoder.layer.4.output.dense.weight
2021-08-10 15:51:19,815 - INFO - allennlp.common.util - embedder.token_embedder_robert.transformer_model.encoder.layer.4.output.dense.bias
2021-08-10 15:51:19,816 - INFO - allennlp.common.util - embedder.token_embedder_robert.transformer_model.encoder.layer.4.output.LayerNorm.weight
2021-08-10 15:51:19,816 - INFO - allennlp.common.util - embedder.token_embedder_robert.transformer_model.encoder.layer.4.output.LayerNorm.bias
2021-08-10 15:51:19,816 - INFO - allennlp.common.util - embedder.token_embedder_robert.transformer_model.encoder.layer.5.attention.self.query.weight
2021-08-10 15:51:19,816 - INFO - allennlp.common.util - embedder.token_embedder_robert.transformer_model.encoder.layer.5.attention.self.query.bias
2021-08-10 15:51:19,816 - INFO - allennlp.common.util - embedder.token_embedder_robert.transformer_model.encoder.layer.5.attention.self.key.weight
2021-08-10 15:51:19,816 - INFO - allennlp.common.util - embedder.token_embedder_robert.transformer_model.encoder.layer.5.attention.self.key.bias
2021-08-10 15:51:19,816 - INFO - allennlp.common.util - embedder.token_embedder_robert.transformer_model.encoder.layer.5.attention.self.value.weight
2021-08-10 15:51:19,816 - INFO - allennlp.common.util - embedder.token_embedder_robert.transformer_model.encoder.layer.5.attention.self.value.bias
2021-08-10 15:51:19,817 - INFO - allennlp.common.util - embedder.token_embedder_robert.transformer_model.encoder.layer.5.attention.output.dense.weight
2021-08-10 15:51:19,817 - INFO - allennlp.common.util - embedder.token_embedder_robert.transformer_model.encoder.layer.5.attention.output.dense.bias
2021-08-10 15:51:19,817 - INFO - allennlp.common.util - embedder.token_embedder_robert.transformer_model.encoder.layer.5.attention.output.LayerNorm.weight
2021-08-10 15:51:19,817 - INFO - allennlp.common.util - embedder.token_embedder_robert.transformer_model.encoder.layer.5.attention.output.LayerNorm.bias
2021-08-10 15:51:19,817 - INFO - allennlp.common.util - embedder.token_embedder_robert.transformer_model.encoder.layer.5.intermediate.dense.weight
2021-08-10 15:51:19,817 - INFO - allennlp.common.util - embedder.token_embedder_robert.transformer_model.encoder.layer.5.intermediate.dense.bias
2021-08-10 15:51:19,817 - INFO - allennlp.common.util - embedder.token_embedder_robert.transformer_model.encoder.layer.5.output.dense.weight
2021-08-10 15:51:19,817 - INFO - allennlp.common.util - embedder.token_embedder_robert.transformer_model.encoder.layer.5.output.dense.bias
2021-08-10 15:51:19,818 - INFO - allennlp.common.util - embedder.token_embedder_robert.transformer_model.encoder.layer.5.output.LayerNorm.weight
2021-08-10 15:51:19,818 - INFO - allennlp.common.util - embedder.token_embedder_robert.transformer_model.encoder.layer.5.output.LayerNorm.bias
2021-08-10 15:51:19,819 - INFO - allennlp.common.util - embedder.token_embedder_robert.transformer_model.encoder.layer.6.attention.self.query.weight
2021-08-10 15:51:19,819 - INFO - allennlp.common.util - embedder.token_embedder_robert.transformer_model.encoder.layer.6.attention.self.query.bias
2021-08-10 15:51:19,848 - INFO - allennlp.common.util - embedder.token_embedder_robert.transformer_model.encoder.layer.6.attention.self.key.weight
2021-08-10 15:51:19,848 - INFO - allennlp.common.util - embedder.token_embedder_robert.transformer_model.encoder.layer.6.attention.self.key.bias
2021-08-10 15:51:19,848 - INFO - allennlp.common.util - embedder.token_embedder_robert.transformer_model.encoder.layer.6.attention.self.value.weight
2021-08-10 15:51:19,848 - INFO - allennlp.common.util - embedder.token_embedder_robert.transformer_model.encoder.layer.6.attention.self.value.bias
2021-08-10 15:51:19,848 - INFO - allennlp.common.util - embedder.token_embedder_robert.transformer_model.encoder.layer.6.attention.output.dense.weight
2021-08-10 15:51:19,849 - INFO - allennlp.common.util - embedder.token_embedder_robert.transformer_model.encoder.layer.6.attention.output.dense.bias
2021-08-10 15:51:19,849 - INFO - allennlp.common.util - embedder.token_embedder_robert.transformer_model.encoder.layer.6.attention.output.LayerNorm.weight
2021-08-10 15:51:19,849 - INFO - allennlp.common.util - embedder.token_embedder_robert.transformer_model.encoder.layer.6.attention.output.LayerNorm.bias
2021-08-10 15:51:19,849 - INFO - allennlp.common.util - embedder.token_embedder_robert.transformer_model.encoder.layer.6.intermediate.dense.weight
2021-08-10 15:51:19,849 - INFO - allennlp.common.util - embedder.token_embedder_robert.transformer_model.encoder.layer.6.intermediate.dense.bias
2021-08-10 15:51:19,849 - INFO - allennlp.common.util - embedder.token_embedder_robert.transformer_model.encoder.layer.6.output.dense.weight
2021-08-10 15:51:19,850 - INFO - allennlp.common.util - embedder.token_embedder_robert.transformer_model.encoder.layer.6.output.dense.bias
2021-08-10 15:51:19,850 - INFO - allennlp.common.util - embedder.token_embedder_robert.transformer_model.encoder.layer.6.output.LayerNorm.weight
2021-08-10 15:51:19,851 - INFO - allennlp.common.util - embedder.token_embedder_robert.transformer_model.encoder.layer.6.output.LayerNorm.bias
2021-08-10 15:51:19,851 - INFO - allennlp.common.util - embedder.token_embedder_robert.transformer_model.encoder.layer.7.attention.self.query.weight
2021-08-10 15:51:19,851 - INFO - allennlp.common.util - embedder.token_embedder_robert.transformer_model.encoder.layer.7.attention.self.query.bias
2021-08-10 15:51:19,851 - INFO - allennlp.common.util - embedder.token_embedder_robert.transformer_model.encoder.layer.7.attention.self.key.weight
2021-08-10 15:51:19,851 - INFO - allennlp.common.util - embedder.token_embedder_robert.transformer_model.encoder.layer.7.attention.self.key.bias
2021-08-10 15:51:19,851 - INFO - allennlp.common.util - embedder.token_embedder_robert.transformer_model.encoder.layer.7.attention.self.value.weight
2021-08-10 15:51:19,851 - INFO - allennlp.common.util - embedder.token_embedder_robert.transformer_model.encoder.layer.7.attention.self.value.bias
2021-08-10 15:51:19,851 - INFO - allennlp.common.util - embedder.token_embedder_robert.transformer_model.encoder.layer.7.attention.output.dense.weight
2021-08-10 15:51:19,851 - INFO - allennlp.common.util - embedder.token_embedder_robert.transformer_model.encoder.layer.7.attention.output.dense.bias
2021-08-10 15:51:19,852 - INFO - allennlp.common.util - embedder.token_embedder_robert.transformer_model.encoder.layer.7.attention.output.LayerNorm.weight
2021-08-10 15:51:19,852 - INFO - allennlp.common.util - embedder.token_embedder_robert.transformer_model.encoder.layer.7.attention.output.LayerNorm.bias
2021-08-10 15:51:19,852 - INFO - allennlp.common.util - embedder.token_embedder_robert.transformer_model.encoder.layer.7.intermediate.dense.weight
2021-08-10 15:51:19,852 - INFO - allennlp.common.util - embedder.token_embedder_robert.transformer_model.encoder.layer.7.intermediate.dense.bias
2021-08-10 15:51:19,852 - INFO - allennlp.common.util - embedder.token_embedder_robert.transformer_model.encoder.layer.7.output.dense.weight
2021-08-10 15:51:19,852 - INFO - allennlp.common.util - embedder.token_embedder_robert.transformer_model.encoder.layer.7.output.dense.bias
2021-08-10 15:51:19,852 - INFO - allennlp.common.util - embedder.token_embedder_robert.transformer_model.encoder.layer.7.output.LayerNorm.weight
2021-08-10 15:51:19,852 - INFO - allennlp.common.util - embedder.token_embedder_robert.transformer_model.encoder.layer.7.output.LayerNorm.bias
2021-08-10 15:51:19,852 - INFO - allennlp.common.util - embedder.token_embedder_robert.transformer_model.encoder.layer.8.attention.self.query.weight
2021-08-10 15:51:19,852 - INFO - allennlp.common.util - embedder.token_embedder_robert.transformer_model.encoder.layer.8.attention.self.query.bias
2021-08-10 15:51:19,853 - INFO - allennlp.common.util - embedder.token_embedder_robert.transformer_model.encoder.layer.8.attention.self.key.weight
2021-08-10 15:51:19,853 - INFO - allennlp.common.util - embedder.token_embedder_robert.transformer_model.encoder.layer.8.attention.self.key.bias
2021-08-10 15:51:19,853 - INFO - allennlp.common.util - embedder.token_embedder_robert.transformer_model.encoder.layer.8.attention.self.value.weight
2021-08-10 15:51:19,853 - INFO - allennlp.common.util - embedder.token_embedder_robert.transformer_model.encoder.layer.8.attention.self.value.bias
2021-08-10 15:51:19,853 - INFO - allennlp.common.util - embedder.token_embedder_robert.transformer_model.encoder.layer.8.attention.output.dense.weight
2021-08-10 15:51:19,853 - INFO - allennlp.common.util - embedder.token_embedder_robert.transformer_model.encoder.layer.8.attention.output.dense.bias
2021-08-10 15:51:19,853 - INFO - allennlp.common.util - embedder.token_embedder_robert.transformer_model.encoder.layer.8.attention.output.LayerNorm.weight
2021-08-10 15:51:19,853 - INFO - allennlp.common.util - embedder.token_embedder_robert.transformer_model.encoder.layer.8.attention.output.LayerNorm.bias
2021-08-10 15:51:19,853 - INFO - allennlp.common.util - embedder.token_embedder_robert.transformer_model.encoder.layer.8.intermediate.dense.weight
2021-08-10 15:51:19,853 - INFO - allennlp.common.util - embedder.token_embedder_robert.transformer_model.encoder.layer.8.intermediate.dense.bias
2021-08-10 15:51:19,854 - INFO - allennlp.common.util - embedder.token_embedder_robert.transformer_model.encoder.layer.8.output.dense.weight
2021-08-10 15:51:19,854 - INFO - allennlp.common.util - embedder.token_embedder_robert.transformer_model.encoder.layer.8.output.dense.bias
2021-08-10 15:51:19,854 - INFO - allennlp.common.util - embedder.token_embedder_robert.transformer_model.encoder.layer.8.output.LayerNorm.weight
2021-08-10 15:51:19,854 - INFO - allennlp.common.util - embedder.token_embedder_robert.transformer_model.encoder.layer.8.output.LayerNorm.bias
2021-08-10 15:51:19,854 - INFO - allennlp.common.util - embedder.token_embedder_robert.transformer_model.encoder.layer.9.attention.self.query.weight
2021-08-10 15:51:19,854 - INFO - allennlp.common.util - embedder.token_embedder_robert.transformer_model.encoder.layer.9.attention.self.query.bias
2021-08-10 15:51:19,854 - INFO - allennlp.common.util - embedder.token_embedder_robert.transformer_model.encoder.layer.9.attention.self.key.weight
2021-08-10 15:51:19,854 - INFO - allennlp.common.util - embedder.token_embedder_robert.transformer_model.encoder.layer.9.attention.self.key.bias
2021-08-10 15:51:19,854 - INFO - allennlp.common.util - embedder.token_embedder_robert.transformer_model.encoder.layer.9.attention.self.value.weight
2021-08-10 15:51:19,855 - INFO - allennlp.common.util - embedder.token_embedder_robert.transformer_model.encoder.layer.9.attention.self.value.bias
2021-08-10 15:51:19,855 - INFO - allennlp.common.util - embedder.token_embedder_robert.transformer_model.encoder.layer.9.attention.output.dense.weight
2021-08-10 15:51:19,855 - INFO - allennlp.common.util - embedder.token_embedder_robert.transformer_model.encoder.layer.9.attention.output.dense.bias
2021-08-10 15:51:19,855 - INFO - allennlp.common.util - embedder.token_embedder_robert.transformer_model.encoder.layer.9.attention.output.LayerNorm.weight
2021-08-10 15:51:19,855 - INFO - allennlp.common.util - embedder.token_embedder_robert.transformer_model.encoder.layer.9.attention.output.LayerNorm.bias
2021-08-10 15:51:19,855 - INFO - allennlp.common.util - embedder.token_embedder_robert.transformer_model.encoder.layer.9.intermediate.dense.weight
2021-08-10 15:51:19,855 - INFO - allennlp.common.util - embedder.token_embedder_robert.transformer_model.encoder.layer.9.intermediate.dense.bias
2021-08-10 15:51:19,855 - INFO - allennlp.common.util - embedder.token_embedder_robert.transformer_model.encoder.layer.9.output.dense.weight
2021-08-10 15:51:19,855 - INFO - allennlp.common.util - embedder.token_embedder_robert.transformer_model.encoder.layer.9.output.dense.bias
2021-08-10 15:51:19,856 - INFO - allennlp.common.util - embedder.token_embedder_robert.transformer_model.encoder.layer.9.output.LayerNorm.weight
2021-08-10 15:51:19,856 - INFO - allennlp.common.util - embedder.token_embedder_robert.transformer_model.encoder.layer.9.output.LayerNorm.bias
2021-08-10 15:51:19,856 - INFO - allennlp.common.util - embedder.token_embedder_robert.transformer_model.encoder.layer.10.attention.self.query.weight
2021-08-10 15:51:19,856 - INFO - allennlp.common.util - embedder.token_embedder_robert.transformer_model.encoder.layer.10.attention.self.query.bias
2021-08-10 15:51:19,856 - INFO - allennlp.common.util - embedder.token_embedder_robert.transformer_model.encoder.layer.10.attention.self.key.weight
2021-08-10 15:51:19,856 - INFO - allennlp.common.util - embedder.token_embedder_robert.transformer_model.encoder.layer.10.attention.self.key.bias
2021-08-10 15:51:19,856 - INFO - allennlp.common.util - embedder.token_embedder_robert.transformer_model.encoder.layer.10.attention.self.value.weight
2021-08-10 15:51:19,856 - INFO - allennlp.common.util - embedder.token_embedder_robert.transformer_model.encoder.layer.10.attention.self.value.bias
2021-08-10 15:51:19,856 - INFO - allennlp.common.util - embedder.token_embedder_robert.transformer_model.encoder.layer.10.attention.output.dense.weight
2021-08-10 15:51:19,856 - INFO - allennlp.common.util - embedder.token_embedder_robert.transformer_model.encoder.layer.10.attention.output.dense.bias
2021-08-10 15:51:19,857 - INFO - allennlp.common.util - embedder.token_embedder_robert.transformer_model.encoder.layer.10.attention.output.LayerNorm.weight
2021-08-10 15:51:19,857 - INFO - allennlp.common.util - embedder.token_embedder_robert.transformer_model.encoder.layer.10.attention.output.LayerNorm.bias
2021-08-10 15:51:19,857 - INFO - allennlp.common.util - embedder.token_embedder_robert.transformer_model.encoder.layer.10.intermediate.dense.weight
2021-08-10 15:51:19,857 - INFO - allennlp.common.util - embedder.token_embedder_robert.transformer_model.encoder.layer.10.intermediate.dense.bias
2021-08-10 15:51:19,857 - INFO - allennlp.common.util - embedder.token_embedder_robert.transformer_model.encoder.layer.10.output.dense.weight
2021-08-10 15:51:19,857 - INFO - allennlp.common.util - embedder.token_embedder_robert.transformer_model.encoder.layer.10.output.dense.bias
2021-08-10 15:51:19,857 - INFO - allennlp.common.util - embedder.token_embedder_robert.transformer_model.encoder.layer.10.output.LayerNorm.weight
2021-08-10 15:51:19,857 - INFO - allennlp.common.util - embedder.token_embedder_robert.transformer_model.encoder.layer.10.output.LayerNorm.bias
2021-08-10 15:51:19,857 - INFO - allennlp.common.util - embedder.token_embedder_robert.transformer_model.encoder.layer.11.attention.self.query.weight
2021-08-10 15:51:19,858 - INFO - allennlp.common.util - embedder.token_embedder_robert.transformer_model.encoder.layer.11.attention.self.query.bias
2021-08-10 15:51:19,858 - INFO - allennlp.common.util - embedder.token_embedder_robert.transformer_model.encoder.layer.11.attention.self.key.weight
2021-08-10 15:51:19,858 - INFO - allennlp.common.util - embedder.token_embedder_robert.transformer_model.encoder.layer.11.attention.self.key.bias
2021-08-10 15:51:19,858 - INFO - allennlp.common.util - embedder.token_embedder_robert.transformer_model.encoder.layer.11.attention.self.value.weight
2021-08-10 15:51:19,858 - INFO - allennlp.common.util - embedder.token_embedder_robert.transformer_model.encoder.layer.11.attention.self.value.bias
2021-08-10 15:51:19,858 - INFO - allennlp.common.util - embedder.token_embedder_robert.transformer_model.encoder.layer.11.attention.output.dense.weight
2021-08-10 15:51:19,858 - INFO - allennlp.common.util - embedder.token_embedder_robert.transformer_model.encoder.layer.11.attention.output.dense.bias
2021-08-10 15:51:19,858 - INFO - allennlp.common.util - embedder.token_embedder_robert.transformer_model.encoder.layer.11.attention.output.LayerNorm.weight
2021-08-10 15:51:19,858 - INFO - allennlp.common.util - embedder.token_embedder_robert.transformer_model.encoder.layer.11.attention.output.LayerNorm.bias
2021-08-10 15:51:19,859 - INFO - allennlp.common.util - embedder.token_embedder_robert.transformer_model.encoder.layer.11.intermediate.dense.weight
2021-08-10 15:51:19,859 - INFO - allennlp.common.util - embedder.token_embedder_robert.transformer_model.encoder.layer.11.intermediate.dense.bias
2021-08-10 15:51:19,859 - INFO - allennlp.common.util - embedder.token_embedder_robert.transformer_model.encoder.layer.11.output.dense.weight
2021-08-10 15:51:19,859 - INFO - allennlp.common.util - embedder.token_embedder_robert.transformer_model.encoder.layer.11.output.dense.bias
2021-08-10 15:51:19,859 - INFO - allennlp.common.util - embedder.token_embedder_robert.transformer_model.encoder.layer.11.output.LayerNorm.weight
2021-08-10 15:51:19,859 - INFO - allennlp.common.util - embedder.token_embedder_robert.transformer_model.encoder.layer.11.output.LayerNorm.bias
2021-08-10 15:51:19,859 - INFO - allennlp.common.util - embedder.token_embedder_robert.transformer_model.encoder.layer.12.attention.self.query.weight
2021-08-10 15:51:19,859 - INFO - allennlp.common.util - embedder.token_embedder_robert.transformer_model.encoder.layer.12.attention.self.query.bias
2021-08-10 15:51:19,859 - INFO - allennlp.common.util - embedder.token_embedder_robert.transformer_model.encoder.layer.12.attention.self.key.weight
2021-08-10 15:51:19,860 - INFO - allennlp.common.util - embedder.token_embedder_robert.transformer_model.encoder.layer.12.attention.self.key.bias
2021-08-10 15:51:19,860 - INFO - allennlp.common.util - embedder.token_embedder_robert.transformer_model.encoder.layer.12.attention.self.value.weight
2021-08-10 15:51:19,860 - INFO - allennlp.common.util - embedder.token_embedder_robert.transformer_model.encoder.layer.12.attention.self.value.bias
2021-08-10 15:51:19,860 - INFO - allennlp.common.util - embedder.token_embedder_robert.transformer_model.encoder.layer.12.attention.output.dense.weight
2021-08-10 15:51:19,860 - INFO - allennlp.common.util - embedder.token_embedder_robert.transformer_model.encoder.layer.12.attention.output.dense.bias
2021-08-10 15:51:19,860 - INFO - allennlp.common.util - embedder.token_embedder_robert.transformer_model.encoder.layer.12.attention.output.LayerNorm.weight
2021-08-10 15:51:19,860 - INFO - allennlp.common.util - embedder.token_embedder_robert.transformer_model.encoder.layer.12.attention.output.LayerNorm.bias
2021-08-10 15:51:19,860 - INFO - allennlp.common.util - embedder.token_embedder_robert.transformer_model.encoder.layer.12.intermediate.dense.weight
2021-08-10 15:51:19,861 - INFO - allennlp.common.util - embedder.token_embedder_robert.transformer_model.encoder.layer.12.intermediate.dense.bias
2021-08-10 15:51:19,861 - INFO - allennlp.common.util - embedder.token_embedder_robert.transformer_model.encoder.layer.12.output.dense.weight
2021-08-10 15:51:19,861 - INFO - allennlp.common.util - embedder.token_embedder_robert.transformer_model.encoder.layer.12.output.dense.bias
2021-08-10 15:51:19,861 - INFO - allennlp.common.util - embedder.token_embedder_robert.transformer_model.encoder.layer.12.output.LayerNorm.weight
2021-08-10 15:51:19,861 - INFO - allennlp.common.util - embedder.token_embedder_robert.transformer_model.encoder.layer.12.output.LayerNorm.bias
2021-08-10 15:51:19,861 - INFO - allennlp.common.util - embedder.token_embedder_robert.transformer_model.encoder.layer.13.attention.self.query.weight
2021-08-10 15:51:19,861 - INFO - allennlp.common.util - embedder.token_embedder_robert.transformer_model.encoder.layer.13.attention.self.query.bias
2021-08-10 15:51:19,861 - INFO - allennlp.common.util - embedder.token_embedder_robert.transformer_model.encoder.layer.13.attention.self.key.weight
2021-08-10 15:51:19,861 - INFO - allennlp.common.util - embedder.token_embedder_robert.transformer_model.encoder.layer.13.attention.self.key.bias
2021-08-10 15:51:19,862 - INFO - allennlp.common.util - embedder.token_embedder_robert.transformer_model.encoder.layer.13.attention.self.value.weight
2021-08-10 15:51:19,862 - INFO - allennlp.common.util - embedder.token_embedder_robert.transformer_model.encoder.layer.13.attention.self.value.bias
2021-08-10 15:51:19,862 - INFO - allennlp.common.util - embedder.token_embedder_robert.transformer_model.encoder.layer.13.attention.output.dense.weight
2021-08-10 15:51:19,862 - INFO - allennlp.common.util - embedder.token_embedder_robert.transformer_model.encoder.layer.13.attention.output.dense.bias
2021-08-10 15:51:19,862 - INFO - allennlp.common.util - embedder.token_embedder_robert.transformer_model.encoder.layer.13.attention.output.LayerNorm.weight
2021-08-10 15:51:19,862 - INFO - allennlp.common.util - embedder.token_embedder_robert.transformer_model.encoder.layer.13.attention.output.LayerNorm.bias
2021-08-10 15:51:19,862 - INFO - allennlp.common.util - embedder.token_embedder_robert.transformer_model.encoder.layer.13.intermediate.dense.weight
2021-08-10 15:51:19,863 - INFO - allennlp.common.util - embedder.token_embedder_robert.transformer_model.encoder.layer.13.intermediate.dense.bias
2021-08-10 15:51:19,863 - INFO - allennlp.common.util - embedder.token_embedder_robert.transformer_model.encoder.layer.13.output.dense.weight
2021-08-10 15:51:19,863 - INFO - allennlp.common.util - embedder.token_embedder_robert.transformer_model.encoder.layer.13.output.dense.bias
2021-08-10 15:51:19,863 - INFO - allennlp.common.util - embedder.token_embedder_robert.transformer_model.encoder.layer.13.output.LayerNorm.weight
2021-08-10 15:51:19,863 - INFO - allennlp.common.util - embedder.token_embedder_robert.transformer_model.encoder.layer.13.output.LayerNorm.bias
2021-08-10 15:51:19,863 - INFO - allennlp.common.util - embedder.token_embedder_robert.transformer_model.encoder.layer.14.attention.self.query.weight
2021-08-10 15:51:19,863 - INFO - allennlp.common.util - embedder.token_embedder_robert.transformer_model.encoder.layer.14.attention.self.query.bias
2021-08-10 15:51:19,863 - INFO - allennlp.common.util - embedder.token_embedder_robert.transformer_model.encoder.layer.14.attention.self.key.weight
2021-08-10 15:51:19,863 - INFO - allennlp.common.util - embedder.token_embedder_robert.transformer_model.encoder.layer.14.attention.self.key.bias
2021-08-10 15:51:19,863 - INFO - allennlp.common.util - embedder.token_embedder_robert.transformer_model.encoder.layer.14.attention.self.value.weight
2021-08-10 15:51:19,864 - INFO - allennlp.common.util - embedder.token_embedder_robert.transformer_model.encoder.layer.14.attention.self.value.bias
2021-08-10 15:51:19,864 - INFO - allennlp.common.util - embedder.token_embedder_robert.transformer_model.encoder.layer.14.attention.output.dense.weight
2021-08-10 15:51:19,864 - INFO - allennlp.common.util - embedder.token_embedder_robert.transformer_model.encoder.layer.14.attention.output.dense.bias
2021-08-10 15:51:19,864 - INFO - allennlp.common.util - embedder.token_embedder_robert.transformer_model.encoder.layer.14.attention.output.LayerNorm.weight
2021-08-10 15:51:19,864 - INFO - allennlp.common.util - embedder.token_embedder_robert.transformer_model.encoder.layer.14.attention.output.LayerNorm.bias
2021-08-10 15:51:19,864 - INFO - allennlp.common.util - embedder.token_embedder_robert.transformer_model.encoder.layer.14.intermediate.dense.weight
2021-08-10 15:51:19,864 - INFO - allennlp.common.util - embedder.token_embedder_robert.transformer_model.encoder.layer.14.intermediate.dense.bias
2021-08-10 15:51:19,889 - INFO - allennlp.common.util - embedder.token_embedder_robert.transformer_model.encoder.layer.14.output.dense.weight
2021-08-10 15:51:19,889 - INFO - allennlp.common.util - embedder.token_embedder_robert.transformer_model.encoder.layer.14.output.dense.bias
2021-08-10 15:51:19,889 - INFO - allennlp.common.util - embedder.token_embedder_robert.transformer_model.encoder.layer.14.output.LayerNorm.weight
2021-08-10 15:51:19,889 - INFO - allennlp.common.util - embedder.token_embedder_robert.transformer_model.encoder.layer.14.output.LayerNorm.bias
2021-08-10 15:51:19,889 - INFO - allennlp.common.util - embedder.token_embedder_robert.transformer_model.encoder.layer.15.attention.self.query.weight
2021-08-10 15:51:19,890 - INFO - allennlp.common.util - embedder.token_embedder_robert.transformer_model.encoder.layer.15.attention.self.query.bias
2021-08-10 15:51:19,890 - INFO - allennlp.common.util - embedder.token_embedder_robert.transformer_model.encoder.layer.15.attention.self.key.weight
2021-08-10 15:51:19,890 - INFO - allennlp.common.util - embedder.token_embedder_robert.transformer_model.encoder.layer.15.attention.self.key.bias
2021-08-10 15:51:19,890 - INFO - allennlp.common.util - embedder.token_embedder_robert.transformer_model.encoder.layer.15.attention.self.value.weight
2021-08-10 15:51:19,890 - INFO - allennlp.common.util - embedder.token_embedder_robert.transformer_model.encoder.layer.15.attention.self.value.bias
2021-08-10 15:51:19,890 - INFO - allennlp.common.util - embedder.token_embedder_robert.transformer_model.encoder.layer.15.attention.output.dense.weight
2021-08-10 15:51:19,890 - INFO - allennlp.common.util - embedder.token_embedder_robert.transformer_model.encoder.layer.15.attention.output.dense.bias
2021-08-10 15:51:19,890 - INFO - allennlp.common.util - embedder.token_embedder_robert.transformer_model.encoder.layer.15.attention.output.LayerNorm.weight
2021-08-10 15:51:19,890 - INFO - allennlp.common.util - embedder.token_embedder_robert.transformer_model.encoder.layer.15.attention.output.LayerNorm.bias
2021-08-10 15:51:19,891 - INFO - allennlp.common.util - embedder.token_embedder_robert.transformer_model.encoder.layer.15.intermediate.dense.weight
2021-08-10 15:51:19,891 - INFO - allennlp.common.util - embedder.token_embedder_robert.transformer_model.encoder.layer.15.intermediate.dense.bias
2021-08-10 15:51:19,891 - INFO - allennlp.common.util - embedder.token_embedder_robert.transformer_model.encoder.layer.15.output.dense.weight
2021-08-10 15:51:19,891 - INFO - allennlp.common.util - embedder.token_embedder_robert.transformer_model.encoder.layer.15.output.dense.bias
2021-08-10 15:51:19,891 - INFO - allennlp.common.util - embedder.token_embedder_robert.transformer_model.encoder.layer.15.output.LayerNorm.weight
2021-08-10 15:51:19,891 - INFO - allennlp.common.util - embedder.token_embedder_robert.transformer_model.encoder.layer.15.output.LayerNorm.bias
2021-08-10 15:51:19,892 - INFO - allennlp.common.util - embedder.token_embedder_robert.transformer_model.encoder.layer.16.attention.self.query.weight
2021-08-10 15:51:19,892 - INFO - allennlp.common.util - embedder.token_embedder_robert.transformer_model.encoder.layer.16.attention.self.query.bias
2021-08-10 15:51:19,892 - INFO - allennlp.common.util - embedder.token_embedder_robert.transformer_model.encoder.layer.16.attention.self.key.weight
2021-08-10 15:51:19,892 - INFO - allennlp.common.util - embedder.token_embedder_robert.transformer_model.encoder.layer.16.attention.self.key.bias
2021-08-10 15:51:19,892 - INFO - allennlp.common.util - embedder.token_embedder_robert.transformer_model.encoder.layer.16.attention.self.value.weight
2021-08-10 15:51:19,892 - INFO - allennlp.common.util - embedder.token_embedder_robert.transformer_model.encoder.layer.16.attention.self.value.bias
2021-08-10 15:51:19,893 - INFO - allennlp.common.util - embedder.token_embedder_robert.transformer_model.encoder.layer.16.attention.output.dense.weight
2021-08-10 15:51:19,893 - INFO - allennlp.common.util - embedder.token_embedder_robert.transformer_model.encoder.layer.16.attention.output.dense.bias
2021-08-10 15:51:19,893 - INFO - allennlp.common.util - embedder.token_embedder_robert.transformer_model.encoder.layer.16.attention.output.LayerNorm.weight
2021-08-10 15:51:19,893 - INFO - allennlp.common.util - embedder.token_embedder_robert.transformer_model.encoder.layer.16.attention.output.LayerNorm.bias
2021-08-10 15:51:19,893 - INFO - allennlp.common.util - embedder.token_embedder_robert.transformer_model.encoder.layer.16.intermediate.dense.weight
2021-08-10 15:51:19,893 - INFO - allennlp.common.util - embedder.token_embedder_robert.transformer_model.encoder.layer.16.intermediate.dense.bias
2021-08-10 15:51:19,893 - INFO - allennlp.common.util - embedder.token_embedder_robert.transformer_model.encoder.layer.16.output.dense.weight
2021-08-10 15:51:19,893 - INFO - allennlp.common.util - embedder.token_embedder_robert.transformer_model.encoder.layer.16.output.dense.bias
2021-08-10 15:51:19,893 - INFO - allennlp.common.util - embedder.token_embedder_robert.transformer_model.encoder.layer.16.output.LayerNorm.weight
2021-08-10 15:51:19,894 - INFO - allennlp.common.util - embedder.token_embedder_robert.transformer_model.encoder.layer.16.output.LayerNorm.bias
2021-08-10 15:51:19,894 - INFO - allennlp.common.util - embedder.token_embedder_robert.transformer_model.encoder.layer.17.attention.self.query.weight
2021-08-10 15:51:19,894 - INFO - allennlp.common.util - embedder.token_embedder_robert.transformer_model.encoder.layer.17.attention.self.query.bias
2021-08-10 15:51:19,894 - INFO - allennlp.common.util - embedder.token_embedder_robert.transformer_model.encoder.layer.17.attention.self.key.weight
2021-08-10 15:51:19,894 - INFO - allennlp.common.util - embedder.token_embedder_robert.transformer_model.encoder.layer.17.attention.self.key.bias
2021-08-10 15:51:19,894 - INFO - allennlp.common.util - embedder.token_embedder_robert.transformer_model.encoder.layer.17.attention.self.value.weight
2021-08-10 15:51:19,894 - INFO - allennlp.common.util - embedder.token_embedder_robert.transformer_model.encoder.layer.17.attention.self.value.bias
2021-08-10 15:51:19,894 - INFO - allennlp.common.util - embedder.token_embedder_robert.transformer_model.encoder.layer.17.attention.output.dense.weight
2021-08-10 15:51:19,895 - INFO - allennlp.common.util - embedder.token_embedder_robert.transformer_model.encoder.layer.17.attention.output.dense.bias
2021-08-10 15:51:19,895 - INFO - allennlp.common.util - embedder.token_embedder_robert.transformer_model.encoder.layer.17.attention.output.LayerNorm.weight
2021-08-10 15:51:19,895 - INFO - allennlp.common.util - embedder.token_embedder_robert.transformer_model.encoder.layer.17.attention.output.LayerNorm.bias
2021-08-10 15:51:19,895 - INFO - allennlp.common.util - embedder.token_embedder_robert.transformer_model.encoder.layer.17.intermediate.dense.weight
2021-08-10 15:51:19,895 - INFO - allennlp.common.util - embedder.token_embedder_robert.transformer_model.encoder.layer.17.intermediate.dense.bias
2021-08-10 15:51:19,896 - INFO - allennlp.common.util - embedder.token_embedder_robert.transformer_model.encoder.layer.17.output.dense.weight
2021-08-10 15:51:19,896 - INFO - allennlp.common.util - embedder.token_embedder_robert.transformer_model.encoder.layer.17.output.dense.bias
2021-08-10 15:51:19,896 - INFO - allennlp.common.util - embedder.token_embedder_robert.transformer_model.encoder.layer.17.output.LayerNorm.weight
2021-08-10 15:51:19,896 - INFO - allennlp.common.util - embedder.token_embedder_robert.transformer_model.encoder.layer.17.output.LayerNorm.bias
2021-08-10 15:51:19,896 - INFO - allennlp.common.util - embedder.token_embedder_robert.transformer_model.encoder.layer.18.attention.self.query.weight
2021-08-10 15:51:19,896 - INFO - allennlp.common.util - embedder.token_embedder_robert.transformer_model.encoder.layer.18.attention.self.query.bias
2021-08-10 15:51:19,896 - INFO - allennlp.common.util - embedder.token_embedder_robert.transformer_model.encoder.layer.18.attention.self.key.weight
2021-08-10 15:51:19,896 - INFO - allennlp.common.util - embedder.token_embedder_robert.transformer_model.encoder.layer.18.attention.self.key.bias
2021-08-10 15:51:19,896 - INFO - allennlp.common.util - embedder.token_embedder_robert.transformer_model.encoder.layer.18.attention.self.value.weight
2021-08-10 15:51:19,897 - INFO - allennlp.common.util - embedder.token_embedder_robert.transformer_model.encoder.layer.18.attention.self.value.bias
2021-08-10 15:51:19,897 - INFO - allennlp.common.util - embedder.token_embedder_robert.transformer_model.encoder.layer.18.attention.output.dense.weight
2021-08-10 15:51:19,897 - INFO - allennlp.common.util - embedder.token_embedder_robert.transformer_model.encoder.layer.18.attention.output.dense.bias
2021-08-10 15:51:19,897 - INFO - allennlp.common.util - embedder.token_embedder_robert.transformer_model.encoder.layer.18.attention.output.LayerNorm.weight
2021-08-10 15:51:19,897 - INFO - allennlp.common.util - embedder.token_embedder_robert.transformer_model.encoder.layer.18.attention.output.LayerNorm.bias
2021-08-10 15:51:19,897 - INFO - allennlp.common.util - embedder.token_embedder_robert.transformer_model.encoder.layer.18.intermediate.dense.weight
2021-08-10 15:51:19,897 - INFO - allennlp.common.util - embedder.token_embedder_robert.transformer_model.encoder.layer.18.intermediate.dense.bias
2021-08-10 15:51:19,897 - INFO - allennlp.common.util - embedder.token_embedder_robert.transformer_model.encoder.layer.18.output.dense.weight
2021-08-10 15:51:19,897 - INFO - allennlp.common.util - embedder.token_embedder_robert.transformer_model.encoder.layer.18.output.dense.bias
2021-08-10 15:51:19,897 - INFO - allennlp.common.util - embedder.token_embedder_robert.transformer_model.encoder.layer.18.output.LayerNorm.weight
2021-08-10 15:51:19,898 - INFO - allennlp.common.util - embedder.token_embedder_robert.transformer_model.encoder.layer.18.output.LayerNorm.bias
2021-08-10 15:51:19,898 - INFO - allennlp.common.util - embedder.token_embedder_robert.transformer_model.encoder.layer.19.attention.self.query.weight
2021-08-10 15:51:19,898 - INFO - allennlp.common.util - embedder.token_embedder_robert.transformer_model.encoder.layer.19.attention.self.query.bias
2021-08-10 15:51:19,898 - INFO - allennlp.common.util - embedder.token_embedder_robert.transformer_model.encoder.layer.19.attention.self.key.weight
2021-08-10 15:51:19,898 - INFO - allennlp.common.util - embedder.token_embedder_robert.transformer_model.encoder.layer.19.attention.self.key.bias
2021-08-10 15:51:19,898 - INFO - allennlp.common.util - embedder.token_embedder_robert.transformer_model.encoder.layer.19.attention.self.value.weight
2021-08-10 15:51:19,898 - INFO - allennlp.common.util - embedder.token_embedder_robert.transformer_model.encoder.layer.19.attention.self.value.bias
2021-08-10 15:51:19,898 - INFO - allennlp.common.util - embedder.token_embedder_robert.transformer_model.encoder.layer.19.attention.output.dense.weight
2021-08-10 15:51:19,898 - INFO - allennlp.common.util - embedder.token_embedder_robert.transformer_model.encoder.layer.19.attention.output.dense.bias
2021-08-10 15:51:19,898 - INFO - allennlp.common.util - embedder.token_embedder_robert.transformer_model.encoder.layer.19.attention.output.LayerNorm.weight
2021-08-10 15:51:19,899 - INFO - allennlp.common.util - embedder.token_embedder_robert.transformer_model.encoder.layer.19.attention.output.LayerNorm.bias
2021-08-10 15:51:19,899 - INFO - allennlp.common.util - embedder.token_embedder_robert.transformer_model.encoder.layer.19.intermediate.dense.weight
2021-08-10 15:51:19,899 - INFO - allennlp.common.util - embedder.token_embedder_robert.transformer_model.encoder.layer.19.intermediate.dense.bias
2021-08-10 15:51:19,899 - INFO - allennlp.common.util - embedder.token_embedder_robert.transformer_model.encoder.layer.19.output.dense.weight
2021-08-10 15:51:19,899 - INFO - allennlp.common.util - embedder.token_embedder_robert.transformer_model.encoder.layer.19.output.dense.bias
2021-08-10 15:51:19,899 - INFO - allennlp.common.util - embedder.token_embedder_robert.transformer_model.encoder.layer.19.output.LayerNorm.weight
2021-08-10 15:51:19,899 - INFO - allennlp.common.util - embedder.token_embedder_robert.transformer_model.encoder.layer.19.output.LayerNorm.bias
2021-08-10 15:51:19,899 - INFO - allennlp.common.util - embedder.token_embedder_robert.transformer_model.encoder.layer.20.attention.self.query.weight
2021-08-10 15:51:19,899 - INFO - allennlp.common.util - embedder.token_embedder_robert.transformer_model.encoder.layer.20.attention.self.query.bias
2021-08-10 15:51:19,900 - INFO - allennlp.common.util - embedder.token_embedder_robert.transformer_model.encoder.layer.20.attention.self.key.weight
2021-08-10 15:51:19,900 - INFO - allennlp.common.util - embedder.token_embedder_robert.transformer_model.encoder.layer.20.attention.self.key.bias
2021-08-10 15:51:19,900 - INFO - allennlp.common.util - embedder.token_embedder_robert.transformer_model.encoder.layer.20.attention.self.value.weight
2021-08-10 15:51:19,900 - INFO - allennlp.common.util - embedder.token_embedder_robert.transformer_model.encoder.layer.20.attention.self.value.bias
2021-08-10 15:51:19,900 - INFO - allennlp.common.util - embedder.token_embedder_robert.transformer_model.encoder.layer.20.attention.output.dense.weight
2021-08-10 15:51:19,900 - INFO - allennlp.common.util - embedder.token_embedder_robert.transformer_model.encoder.layer.20.attention.output.dense.bias
2021-08-10 15:51:19,900 - INFO - allennlp.common.util - embedder.token_embedder_robert.transformer_model.encoder.layer.20.attention.output.LayerNorm.weight
2021-08-10 15:51:19,900 - INFO - allennlp.common.util - embedder.token_embedder_robert.transformer_model.encoder.layer.20.attention.output.LayerNorm.bias
2021-08-10 15:51:19,900 - INFO - allennlp.common.util - embedder.token_embedder_robert.transformer_model.encoder.layer.20.intermediate.dense.weight
2021-08-10 15:51:19,900 - INFO - allennlp.common.util - embedder.token_embedder_robert.transformer_model.encoder.layer.20.intermediate.dense.bias
2021-08-10 15:51:19,901 - INFO - allennlp.common.util - embedder.token_embedder_robert.transformer_model.encoder.layer.20.output.dense.weight
2021-08-10 15:51:19,901 - INFO - allennlp.common.util - embedder.token_embedder_robert.transformer_model.encoder.layer.20.output.dense.bias
2021-08-10 15:51:19,901 - INFO - allennlp.common.util - embedder.token_embedder_robert.transformer_model.encoder.layer.20.output.LayerNorm.weight
2021-08-10 15:51:19,901 - INFO - allennlp.common.util - embedder.token_embedder_robert.transformer_model.encoder.layer.20.output.LayerNorm.bias
2021-08-10 15:51:19,901 - INFO - allennlp.common.util - embedder.token_embedder_robert.transformer_model.encoder.layer.21.attention.self.query.weight
2021-08-10 15:51:19,901 - INFO - allennlp.common.util - embedder.token_embedder_robert.transformer_model.encoder.layer.21.attention.self.query.bias
2021-08-10 15:51:19,901 - INFO - allennlp.common.util - embedder.token_embedder_robert.transformer_model.encoder.layer.21.attention.self.key.weight
2021-08-10 15:51:19,901 - INFO - allennlp.common.util - embedder.token_embedder_robert.transformer_model.encoder.layer.21.attention.self.key.bias
2021-08-10 15:51:19,901 - INFO - allennlp.common.util - embedder.token_embedder_robert.transformer_model.encoder.layer.21.attention.self.value.weight
2021-08-10 15:51:19,901 - INFO - allennlp.common.util - embedder.token_embedder_robert.transformer_model.encoder.layer.21.attention.self.value.bias
2021-08-10 15:51:19,902 - INFO - allennlp.common.util - embedder.token_embedder_robert.transformer_model.encoder.layer.21.attention.output.dense.weight
2021-08-10 15:51:19,902 - INFO - allennlp.common.util - embedder.token_embedder_robert.transformer_model.encoder.layer.21.attention.output.dense.bias
2021-08-10 15:51:19,902 - INFO - allennlp.common.util - embedder.token_embedder_robert.transformer_model.encoder.layer.21.attention.output.LayerNorm.weight
2021-08-10 15:51:19,902 - INFO - allennlp.common.util - embedder.token_embedder_robert.transformer_model.encoder.layer.21.attention.output.LayerNorm.bias
2021-08-10 15:51:19,902 - INFO - allennlp.common.util - embedder.token_embedder_robert.transformer_model.encoder.layer.21.intermediate.dense.weight
2021-08-10 15:51:19,902 - INFO - allennlp.common.util - embedder.token_embedder_robert.transformer_model.encoder.layer.21.intermediate.dense.bias
2021-08-10 15:51:19,902 - INFO - allennlp.common.util - embedder.token_embedder_robert.transformer_model.encoder.layer.21.output.dense.weight
2021-08-10 15:51:19,902 - INFO - allennlp.common.util - embedder.token_embedder_robert.transformer_model.encoder.layer.21.output.dense.bias
2021-08-10 15:51:19,902 - INFO - allennlp.common.util - embedder.token_embedder_robert.transformer_model.encoder.layer.21.output.LayerNorm.weight
2021-08-10 15:51:19,903 - INFO - allennlp.common.util - embedder.token_embedder_robert.transformer_model.encoder.layer.21.output.LayerNorm.bias
2021-08-10 15:51:19,903 - INFO - allennlp.common.util - embedder.token_embedder_robert.transformer_model.encoder.layer.22.attention.self.query.weight
2021-08-10 15:51:19,903 - INFO - allennlp.common.util - embedder.token_embedder_robert.transformer_model.encoder.layer.22.attention.self.query.bias
2021-08-10 15:51:19,903 - INFO - allennlp.common.util - embedder.token_embedder_robert.transformer_model.encoder.layer.22.attention.self.key.weight
2021-08-10 15:51:19,903 - INFO - allennlp.common.util - embedder.token_embedder_robert.transformer_model.encoder.layer.22.attention.self.key.bias
2021-08-10 15:51:19,903 - INFO - allennlp.common.util - embedder.token_embedder_robert.transformer_model.encoder.layer.22.attention.self.value.weight
2021-08-10 15:51:19,903 - INFO - allennlp.common.util - embedder.token_embedder_robert.transformer_model.encoder.layer.22.attention.self.value.bias
2021-08-10 15:51:19,903 - INFO - allennlp.common.util - embedder.token_embedder_robert.transformer_model.encoder.layer.22.attention.output.dense.weight
2021-08-10 15:51:19,903 - INFO - allennlp.common.util - embedder.token_embedder_robert.transformer_model.encoder.layer.22.attention.output.dense.bias
2021-08-10 15:51:19,903 - INFO - allennlp.common.util - embedder.token_embedder_robert.transformer_model.encoder.layer.22.attention.output.LayerNorm.weight
2021-08-10 15:51:19,904 - INFO - allennlp.common.util - embedder.token_embedder_robert.transformer_model.encoder.layer.22.attention.output.LayerNorm.bias
2021-08-10 15:51:19,904 - INFO - allennlp.common.util - embedder.token_embedder_robert.transformer_model.encoder.layer.22.intermediate.dense.weight
2021-08-10 15:51:19,904 - INFO - allennlp.common.util - embedder.token_embedder_robert.transformer_model.encoder.layer.22.intermediate.dense.bias
2021-08-10 15:51:19,904 - INFO - allennlp.common.util - embedder.token_embedder_robert.transformer_model.encoder.layer.22.output.dense.weight
2021-08-10 15:51:19,904 - INFO - allennlp.common.util - embedder.token_embedder_robert.transformer_model.encoder.layer.22.output.dense.bias
2021-08-10 15:51:19,904 - INFO - allennlp.common.util - embedder.token_embedder_robert.transformer_model.encoder.layer.22.output.LayerNorm.weight
2021-08-10 15:51:19,904 - INFO - allennlp.common.util - embedder.token_embedder_robert.transformer_model.encoder.layer.22.output.LayerNorm.bias
2021-08-10 15:51:19,904 - INFO - allennlp.common.util - embedder.token_embedder_robert.transformer_model.encoder.layer.23.attention.self.query.weight
2021-08-10 15:51:19,904 - INFO - allennlp.common.util - embedder.token_embedder_robert.transformer_model.encoder.layer.23.attention.self.query.bias
2021-08-10 15:51:19,905 - INFO - allennlp.common.util - embedder.token_embedder_robert.transformer_model.encoder.layer.23.attention.self.key.weight
2021-08-10 15:51:19,905 - INFO - allennlp.common.util - embedder.token_embedder_robert.transformer_model.encoder.layer.23.attention.self.key.bias
2021-08-10 15:51:19,905 - INFO - allennlp.common.util - embedder.token_embedder_robert.transformer_model.encoder.layer.23.attention.self.value.weight
2021-08-10 15:51:19,905 - INFO - allennlp.common.util - embedder.token_embedder_robert.transformer_model.encoder.layer.23.attention.self.value.bias
2021-08-10 15:51:19,905 - INFO - allennlp.common.util - embedder.token_embedder_robert.transformer_model.encoder.layer.23.attention.output.dense.weight
2021-08-10 15:51:19,905 - INFO - allennlp.common.util - embedder.token_embedder_robert.transformer_model.encoder.layer.23.attention.output.dense.bias
2021-08-10 15:51:19,905 - INFO - allennlp.common.util - embedder.token_embedder_robert.transformer_model.encoder.layer.23.attention.output.LayerNorm.weight
2021-08-10 15:51:19,905 - INFO - allennlp.common.util - embedder.token_embedder_robert.transformer_model.encoder.layer.23.attention.output.LayerNorm.bias
2021-08-10 15:51:19,905 - INFO - allennlp.common.util - embedder.token_embedder_robert.transformer_model.encoder.layer.23.intermediate.dense.weight
2021-08-10 15:51:19,906 - INFO - allennlp.common.util - embedder.token_embedder_robert.transformer_model.encoder.layer.23.intermediate.dense.bias
2021-08-10 15:51:19,906 - INFO - allennlp.common.util - embedder.token_embedder_robert.transformer_model.encoder.layer.23.output.dense.weight
2021-08-10 15:51:19,906 - INFO - allennlp.common.util - embedder.token_embedder_robert.transformer_model.encoder.layer.23.output.dense.bias
2021-08-10 15:51:19,906 - INFO - allennlp.common.util - embedder.token_embedder_robert.transformer_model.encoder.layer.23.output.LayerNorm.weight
2021-08-10 15:51:19,906 - INFO - allennlp.common.util - embedder.token_embedder_robert.transformer_model.encoder.layer.23.output.LayerNorm.bias
2021-08-10 15:51:19,906 - INFO - allennlp.common.util - embedder.token_embedder_robert.transformer_model.pooler.dense.weight
2021-08-10 15:51:19,906 - INFO - allennlp.common.util - embedder.token_embedder_robert.transformer_model.pooler.dense.bias
2021-08-10 15:51:19,906 - INFO - allennlp.common.util - encoder.pooler.dense.weight
2021-08-10 15:51:19,906 - INFO - allennlp.common.util - encoder.pooler.dense.bias
2021-08-10 15:51:19,906 - INFO - allennlp.common.util - classifier.weight
2021-08-10 15:51:19,907 - INFO - allennlp.common.util - classifier.bias
2021-08-10 15:51:19,907 - INFO - allennlp.common.params - trainer.learning_rate_scheduler.type = slanted_triangular
2021-08-10 15:51:19,907 - WARNING - allennlp.common.from_params - Parameter num_epochs for class SlantedTriangular was found in both **extras and in params. Using the specification found in params, but you probably put a key in a config file that you didn't need, and if it is different from what we get from **extras, you might get unexpected behavior.
2021-08-10 15:51:19,907 - INFO - allennlp.common.params - trainer.learning_rate_scheduler.num_epochs = 1
2021-08-10 15:51:19,907 - WARNING - allennlp.common.from_params - Parameter num_steps_per_epoch for class SlantedTriangular was found in both **extras and in params. Using the specification found in params, but you probably put a key in a config file that you didn't need, and if it is different from what we get from **extras, you might get unexpected behavior.
2021-08-10 15:51:19,907 - INFO - allennlp.common.params - trainer.learning_rate_scheduler.num_steps_per_epoch = 3088
2021-08-10 15:51:19,908 - INFO - allennlp.common.params - trainer.learning_rate_scheduler.cut_frac = 0.06
2021-08-10 15:51:19,908 - INFO - allennlp.common.params - trainer.learning_rate_scheduler.ratio = 32
2021-08-10 15:51:19,908 - INFO - allennlp.common.params - trainer.learning_rate_scheduler.last_epoch = -1
2021-08-10 15:51:19,908 - INFO - allennlp.common.params - trainer.learning_rate_scheduler.gradual_unfreezing = False
2021-08-10 15:51:19,908 - INFO - allennlp.common.params - trainer.learning_rate_scheduler.discriminative_fine_tuning = False
2021-08-10 15:51:19,908 - INFO - allennlp.common.params - trainer.learning_rate_scheduler.decay_factor = 0.38
2021-08-10 15:51:19,908 - INFO - allennlp.common.params - trainer.checkpointer.type = simple_checkpointer
2021-08-10 15:51:19,909 - WARNING - allennlp.common.from_params - Parameter serialization_dir for class SimpleCheckpointer was found in both **extras and in params. Using the specification found in params, but you probably put a key in a config file that you didn't need, and if it is different from what we get from **extras, you might get unexpected behavior.
2021-08-10 15:51:19,909 - INFO - allennlp.common.params - trainer.checkpointer.serialization_dir = checkpoint/
2021-08-10 15:51:19,909 - INFO - allennlp.common.params - trainer.checkpointer.save_every_num_seconds = 1200
2021-08-10 15:51:19,912 - INFO - allennlp.training.trainer - Beginning training.
2021-08-10 15:51:19,914 - INFO - allennlp.training.trainer - Epoch 0/0
2021-08-10 15:51:19,915 - INFO - allennlp.training.trainer - Worker 0 memory usage: 0B
2021-08-10 15:51:19,916 - INFO - allennlp.training.trainer - Training
2021-08-10 15:51:19,974 - INFO - tqdm - 0it [00:00, ?it/s]
2021-08-10 15:51:19,975 - INFO - tqdm - loading instances: 0it [00:00, ?it/s]
2021-08-10 15:51:20,655 - CRITICAL - root - Uncaught exception
Traceback (most recent call last):
  File "d:\programdata\miniconda3\envs\allennlp\lib\runpy.py", line 192, in _run_module_as_main
    return _run_code(code, main_globals, None,
  File "d:\programdata\miniconda3\envs\allennlp\lib\runpy.py", line 85, in _run_code
    exec(code, run_globals)
  File "D:\ProgramData\Miniconda3\envs\allennlp\Scripts\allennlp.exe\__main__.py", line 7, in <module>
    sys.exit(run())
  File "d:\programdata\miniconda3\envs\allennlp\lib\site-packages\allennlp\__main__.py", line 34, in run
    main(prog="allennlp")
  File "d:\programdata\miniconda3\envs\allennlp\lib\site-packages\allennlp\commands\__init__.py", line 119, in main
    args.func(args)
  File "d:\programdata\miniconda3\envs\allennlp\lib\site-packages\allennlp\commands\train.py", line 110, in train_model_from_args
    train_model_from_file(
  File "d:\programdata\miniconda3\envs\allennlp\lib\site-packages\allennlp\commands\train.py", line 170, in train_model_from_file
    return train_model(
  File "d:\programdata\miniconda3\envs\allennlp\lib\site-packages\allennlp\commands\train.py", line 236, in train_model
    model = _train_worker(
  File "d:\programdata\miniconda3\envs\allennlp\lib\site-packages\allennlp\commands\train.py", line 466, in _train_worker
    metrics = train_loop.run()
  File "d:\programdata\miniconda3\envs\allennlp\lib\site-packages\allennlp\commands\train.py", line 528, in run
    return self.trainer.train()
  File "d:\programdata\miniconda3\envs\allennlp\lib\site-packages\allennlp\training\trainer.py", line 740, in train
    metrics, epoch = self._try_train()
  File "d:\programdata\miniconda3\envs\allennlp\lib\site-packages\allennlp\training\trainer.py", line 772, in _try_train
    train_metrics = self._train_epoch(epoch)
  File "d:\programdata\miniconda3\envs\allennlp\lib\site-packages\allennlp\training\trainer.py", line 506, in _train_epoch
    batch_outputs = self.batch_outputs(batch, for_training=True)
  File "d:\programdata\miniconda3\envs\allennlp\lib\site-packages\allennlp\training\trainer.py", line 391, in batch_outputs
    output_dict = self._pytorch_model(**batch)
  File "d:\programdata\miniconda3\envs\allennlp\lib\site-packages\torch\nn\modules\module.py", line 889, in _call_impl
    result = self.forward(*input, **kwargs)
  File "F:\\code\8.\2.paper_classification_allennlp\my_text_classifier\models\simple_classifier.py", line 29, in forward
    embedded_text = self.embedder(text)
  File "d:\programdata\miniconda3\envs\allennlp\lib\site-packages\torch\nn\modules\module.py", line 889, in _call_impl
    result = self.forward(*input, **kwargs)
  File "d:\programdata\miniconda3\envs\allennlp\lib\site-packages\allennlp\modules\text_field_embedders\basic_text_field_embedder.py", line 103, in forward
    token_vectors = embedder(**tensors, **forward_params_values)
  File "d:\programdata\miniconda3\envs\allennlp\lib\site-packages\torch\nn\modules\module.py", line 889, in _call_impl
    result = self.forward(*input, **kwargs)
  File "d:\programdata\miniconda3\envs\allennlp\lib\site-packages\allennlp\modules\token_embedders\pretrained_transformer_embedder.py", line 200, in forward
    raise ValueError("Found type ids too large for the chosen transformer model.")
ValueError: Found type ids too large for the chosen transformer model.
